{"data":{"children":[{"args":{"kind":"NodePack","loc":"19-20@FileId(0)"},"attached_type":"","attributes":null,"gargs":null,"is_c_varargs":false,"kind":"Func","loc":"13-20@FileId(0)","name":"f","ret":null},{"attributes":null,"inits":{"children":[{"kind":"Int","loc":"29-31@FileId(0)","value":10}],"kind":"NodePack","loc":"29-31@FileId(0)"},"kind":"TopVar","loc":"21-32@FileId(0)","names":{"children":[{"kind":"Id","loc":"25-26@FileId(0)","name":"x"}],"kind":"NodePack","loc":"25-26@FileId(0)"},"types":null}],"kind":"File","loc":"0-32@FileId(0)","module_name":"main"},"out":":memory:function and var - invalid 3:3:1: error: can not use keyword 'var' as identifier\n  0002 | func f(\n> 0003 | var x = 10;\n         ^^^\n  0004 | \n:memory:function and var - invalid 3:3:1: error: expected ',', but got 'var'\n  0002 | func f(\n> 0003 | var x = 10;\n         ^^^\n  0004 | \n:memory:function and var - invalid 3:3:1: note: expected ',' to separate function arguments\n  0002 | func f(\n> 0003 | var x = 10;\n         ^^^\n  0004 | \n:memory:function and var - invalid 3:3:1: error: expected ')', but got 'var'\n  0002 | func f(\n> 0003 | var x = 10;\n         ^^^\n  0004 | \n:memory:function and var - invalid 3:3:1: note: expected ')' after function arguments\n  0002 | func f(\n> 0003 | var x = 10;\n         ^^^\n  0004 | \n:memory:function and var - invalid 3:3:1: error: can not use keyword 'var' as identifier\n  0002 | func f(\n> 0003 | var x = 10;\n         ^^^\n  0004 | \n:memory:function and var - invalid 3:3:1: error: expected ';', but got 'var'\n  0002 | func f(\n> 0003 | var x = 10;\n         ^^^\n  0004 | \n:memory:function and var - invalid 3:3:1: note: expected either a function body or a ';'\n  0002 | func f(\n> 0003 | var x = 10;\n         ^^^\n  0004 | \n"}