{"data":{"children":[{"args":{"children":[{"kind":"FuncArg","loc":"55-61@FileId(0)","name":"x","type":{"kind":"Id","loc":"58-61@FileId(0)","name":"i32"}}],"kind":"NodePack","loc":"53-62@FileId(0)"},"attached_type":"","attributes":null,"body":{"kind":"Block","loc":"65-67@FileId(0)"},"gargs":{"children":[{"kind":"FuncArg","loc":"20-30@FileId(0)","name":"T","type":{"kind":"Id","loc":"23-30@FileId(0)","name":"integer"}},{"kind":"FuncArg","loc":"43-53@FileId(0)","name":"V","type":{"kind":"Id","loc":"46-53@FileId(0)","name":"another"}}],"kind":"NodePack","loc":"19-53@FileId(0)"},"is_c_varargs":false,"kind":"Func","loc":"13-67@FileId(0)","name":"f","ret":{"children":[{"kind":"Id","loc":"63-64@FileId(0)","name":"T"}],"kind":"NodePack","loc":"63-64@FileId(0)"}},{"attributes":null,"inits":{"children":[{"kind":"Int","loc":"76-78@FileId(0)","value":69}],"kind":"NodePack","loc":"76-78@FileId(0)"},"kind":"TopVar","loc":"68-79@FileId(0)","names":{"children":[{"kind":"Id","loc":"72-73@FileId(0)","name":"x"}],"kind":"NodePack","loc":"72-73@FileId(0)"},"types":null}],"kind":"File","loc":"0-79@FileId(0)","module_name":"main"},"out":":memory:generic function and var - invalid 14:2:19: error: expected ',', but got 'U'\n  0001 | module main;\n> 0002 | func f[T: integer U: testing, V: another( x: i32) T {}\n                           ^\n  0003 | var x = 69;\n:memory:generic function and var - invalid 14:2:19: note: expected ',' to separate generic function arguments\n  0001 | module main;\n> 0002 | func f[T: integer U: testing, V: another( x: i32) T {}\n                           ^\n  0003 | var x = 69;\n:memory:generic function and var - invalid 14:2:41: error: expected ',', but got '('\n  0001 | module main;\n> 0002 | func f[T: integer U: testing, V: another( x: i32) T {}\n                                                 ^\n  0003 | var x = 69;\n:memory:generic function and var - invalid 14:2:41: note: expected ',' to separate generic function arguments\n  0001 | module main;\n> 0002 | func f[T: integer U: testing, V: another( x: i32) T {}\n                                                 ^\n  0003 | var x = 69;\n:memory:generic function and var - invalid 14:2:41: error: expected ']', but got '('\n  0001 | module main;\n> 0002 | func f[T: integer U: testing, V: another( x: i32) T {}\n                                                 ^\n  0003 | var x = 69;\n:memory:generic function and var - invalid 14:2:41: note: expected ']' after generic function arguments\n  0001 | module main;\n> 0002 | func f[T: integer U: testing, V: another( x: i32) T {}\n                                                 ^\n  0003 | var x = 69;\n"}