{"data":{"children":[{"args":null,"attached_type":"","attributes":null,"gargs":{"kind":"NodePack","loc":"18-20@FileId(0)"},"is_c_varargs":false,"kind":"Func","loc":"13-20@FileId(0)","name":"","ret":null},{"kind":"Err","loc":"19-20@FileId(0)"},{"attributes":null,"inits":{"children":[{"kind":"Int","loc":"33-35@FileId(0)","value":69}],"kind":"NodePack","loc":"33-35@FileId(0)"},"kind":"TopVar","loc":"25-36@FileId(0)","names":{"children":[{"kind":"Id","loc":"29-30@FileId(0)","name":"x"}],"kind":"NodePack","loc":"29-30@FileId(0)"},"types":null}],"kind":"File","loc":"0-36@FileId(0)","module_name":"main"},"out":":memory:generic function and var - invalid 6:2:7: error: unbalanced '['\n  0001 | module main;\n> 0002 | func [) i32\n               ^\n  0003 | var x = 69;\n:memory:generic function and var - invalid 6:2:6: note: '[' opened here and not closed (missing ])\n  0001 | module main;\n> 0002 | func [) i32\n              ^\n  0003 | var x = 69;\n:memory:generic function and var - invalid 6:2:6: error: expected 'identifier', but got '['\n  0001 | module main;\n> 0002 | func [) i32\n              ^\n  0003 | var x = 69;\n:memory:generic function and var - invalid 6:2:6: error: generic argument list is empty\n  0001 | module main;\n> 0002 | func [) i32\n              ^^\n  0003 | var x = 69;\n:memory:generic function and var - invalid 6:2:7: error: expected '(', but got ')'\n  0001 | module main;\n> 0002 | func [) i32\n               ^\n  0003 | var x = 69;\n:memory:generic function and var - invalid 6:2:7: error: expected expression, but got ')'\n  0001 | module main;\n> 0002 | func [) i32\n               ^\n  0003 | var x = 69;\n:memory:generic function and var - invalid 6:2:7: error: expected ';', but got ')'\n  0001 | module main;\n> 0002 | func [) i32\n               ^\n  0003 | var x = 69;\n:memory:generic function and var - invalid 6:2:7: note: expected either a function body or a ';'\n  0001 | module main;\n> 0002 | func [) i32\n               ^\n  0003 | var x = 69;\n:memory:generic function and var - invalid 6:2:7: error: expected top-level declaration but got ')'\n  0001 | module main;\n> 0002 | func [) i32\n               ^\n  0003 | var x = 69;\n"}