{"data":{"children":[{"args":{"children":[{"kind":"FuncArg","loc":"22-26@FileId(0)","name":"x","type":{"kind":"Id","loc":"25-26@FileId(0)","name":"T"}}],"kind":"NodePack","loc":"21-27@FileId(0)"},"attached_type":"","attributes":null,"gargs":{"children":[{"kind":"FuncArg","loc":"20-21@FileId(0)","name":"T"}],"kind":"NodePack","loc":"19-21@FileId(0)"},"is_c_varargs":false,"kind":"Func","loc":"13-28@FileId(0)","name":"f","ret":null}],"kind":"File","loc":"0-28@FileId(0)","module_name":"main"},"out":":memory:lone generic function - invalid 2:2:9: error: expected ',', but got '('\n  0001 | module main;\n> 0002 | func f[T(x: T);\n                 ^\n  0003 | \n:memory:lone generic function - invalid 2:2:9: note: expected ',' to separate generic function arguments\n  0001 | module main;\n> 0002 | func f[T(x: T);\n                 ^\n  0003 | \n:memory:lone generic function - invalid 2:2:9: error: expected ']', but got '('\n  0001 | module main;\n> 0002 | func f[T(x: T);\n                 ^\n  0003 | \n:memory:lone generic function - invalid 2:2:9: note: expected ']' after generic function arguments\n  0001 | module main;\n> 0002 | func f[T(x: T);\n                 ^\n  0003 | \n"}