{"data":{"children":[{"args":null,"attached_type":"","attributes":null,"gargs":{"children":[{"kind":"FuncArg","loc":"20-24@FileId(0)","name":"T","type":{"kind":"Id","loc":"23-24@FileId(0)","name":"x"}}],"kind":"NodePack","loc":"19-28@FileId(0)"},"is_c_varargs":false,"kind":"Func","loc":"13-29@FileId(0)","name":"f","ret":null}],"kind":"File","loc":"0-29@FileId(0)","module_name":"main"},"out":":memory:lone generic function - invalid 3:2:12: error: expected ')', but got ':'\n  0001 | module main;\n> 0002 | func f[T:(x: T);\n                    ^\n  0003 | \n:memory:lone generic function - invalid 3:2:12: error: expected ',', but got ':'\n  0001 | module main;\n> 0002 | func f[T:(x: T);\n                    ^\n  0003 | \n:memory:lone generic function - invalid 3:2:12: note: expected ',' to separate generic function arguments\n  0001 | module main;\n> 0002 | func f[T:(x: T);\n                    ^\n  0003 | \n:memory:lone generic function - invalid 3:2:16: error: expected ']', but got ';'\n  0001 | module main;\n> 0002 | func f[T:(x: T);\n                        ^\n  0003 | \n:memory:lone generic function - invalid 3:2:16: note: expected ']' after generic function arguments\n  0001 | module main;\n> 0002 | func f[T:(x: T);\n                        ^\n  0003 | \n:memory:lone generic function - invalid 3:2:16: error: expected '(', but got ';'\n  0001 | module main;\n> 0002 | func f[T:(x: T);\n                        ^\n  0003 | \n"}