{"data":{"children":[{"args":{"children":[{"kind":"FuncArg","loc":"21-25@FileId(0)","name":"x","type":{"kind":"Id","loc":"24-25@FileId(0)","name":"T"}}],"kind":"NodePack","loc":"20-26@FileId(0)"},"attached_type":"","attributes":null,"gargs":{"kind":"NodePack","loc":"19-20@FileId(0)"},"is_c_varargs":false,"kind":"Func","loc":"13-27@FileId(0)","name":"f","ret":null}],"kind":"File","loc":"0-27@FileId(0)","module_name":"main"},"out":":memory:lone generic function - invalid 1:2:8: error: expected 'identifier', but got '('\n  0001 | module main;\n> 0002 | func f[(x: T);\n                ^\n  0003 | \n:memory:lone generic function - invalid 1:2:8: note: expected argument name\n  0001 | module main;\n> 0002 | func f[(x: T);\n                ^\n  0003 | \n:memory:lone generic function - invalid 1:2:8: error: expected ',', but got '('\n  0001 | module main;\n> 0002 | func f[(x: T);\n                ^\n  0003 | \n:memory:lone generic function - invalid 1:2:8: note: expected ',' to separate generic function arguments\n  0001 | module main;\n> 0002 | func f[(x: T);\n                ^\n  0003 | \n:memory:lone generic function - invalid 1:2:8: error: expected ']', but got '('\n  0001 | module main;\n> 0002 | func f[(x: T);\n                ^\n  0003 | \n:memory:lone generic function - invalid 1:2:8: note: expected ']' after generic function arguments\n  0001 | module main;\n> 0002 | func f[(x: T);\n                ^\n  0003 | \n"}